STARTED  2024-10-01 15:03:12 +0530
File URL: https://cdn.starapps.studio/v2/apps/vsk/melobutter/groups/120096/flos-earrings-in-silver.media 
File URL: https://cdn.starapps.studio/v2/apps/vsk/melobutter/groups/120096/flos-earrings-in-rose-gold.media 
File URL: https://cdn.starapps.studio/v2/apps/vsk/melobutter/groups/120224/pure-heart-necklace-in-silver.media 
File URL: https://cdn.starapps.studio/v2/apps/vsk/memes-retail/groups/303283/my-vocabulary-at-work-30-oz-tumbler.media 
File URL: https://cdn.starapps.studio/v2/apps/vsk/memes-retail/groups/91316/i-m-sorry-i-didn-t-mean-to-push-all-your-buttons-i-was-just-looking-for-mute-20-oz-tumbler.media 
File URL: https://cdn.starapps.studio/v2/apps/vsk/memes-retail/groups/91316/i-m-sorry-i-didn-t-mean-to-push-all-your-buttons-i-was-just-looking-for-mute-32-oz-water-tumbler.media 
File URL: https://cdn.starapps.studio/v2/apps/vsk/merci-merci-the-oz/groups/20975/drap-housse-180-x-200-cm-en-lin-lave-pierre.media 
File URL: https://cdn.starapps.studio/v2/apps/vsk/merci-merci-the-oz/groups/22039/taie-45-beige-rose.media 
File URL: https://cdn.starapps.studio/v2/apps/vsk/merci-merci-the-oz/groups/22039/taie-45-blanc-optique.media 
File URL: https://cdn.starapps.studio/v2/apps/vsk/meroeu/groups/3803542/dark-brown-2weft.media 
File URL: https://cdn.starapps.studio/v2/apps/vsk/meroeu/groups/3803542/jet-black-1weft.media 
File URL: https://cdn.starapps.studio/v2/apps/vsk/meroeu/groups/3803542/chocolate-brown-4-weft.media 
File URL: https://cdn.starapps.studio/v2/apps/vsk/mesa-diamond/groups/3072137/concrete-diamond-chain-miami.media 
File URL: https://cdn.starapps.studio/v2/apps/vsk/mesa-diamond/groups/3072137/concrete-diamond-chain-nyc-pro.media 
File URL: https://cdn.starapps.studio/v2/apps/vsk/mesa-diamond/groups/3072137/ductilepipediamondchain.media 
File URL: https://cdn.starapps.studio/v2/apps/vsk/mes-chaussettes-rouges/groups/862575/anthracite-4.media 
File URL: https://cdn.starapps.studio/v2/apps/vsk/mes-chaussettes-rouges/groups/862575/noir-29.media 
File URL: https://cdn.starapps.studio/v2/apps/vsk/mes-chaussettes-rouges/groups/713673/gris-14.media 
File URL: https://cdn.starapps.studio/v2/apps/vsk/mesciugigi-test/groups/3980405/lecce-titian-orange-woodland-brown.media 
File URL: https://cdn.starapps.studio/v2/apps/vsk/mesciugigi-test/groups/3980405/lecce-royal-blue-scarlet.media 
File URL: https://cdn.starapps.studio/v2/apps/vsk/mesciugigi-test/groups/3980405/lecce-7.media 
File URL: https://cdn.starapps.studio/v2/apps/vsk/miaecommerce/groups/225448/canasta-vip.media 
File URL: https://cdn.starapps.studio/v2/apps/vsk/miitap/groups/1150056/custom-metal-card-black-steel.media 
File URL: https://cdn.starapps.studio/v2/apps/vsk/miitap/groups/1150056/custom-metal-card-black-brass.media 
File URL: https://cdn.starapps.studio/v2/apps/vsk/mildan/groups/423111/manhattan-gold-mirror-31-5.media 
File URL: https://cdn.starapps.studio/v2/apps/vsk/mildan/groups/425498/paloma-pear-mirror-25x31.media 
File URL: https://cdn.starapps.studio/v2/apps/vsk/mildan/groups/525166/terrence-gold-medicine-cabinet.media 
File URL: https://cdn.starapps.studio/v2/apps/vsk/mildlyhome/groups/992708/wearable-blanket-sweatshirt-navy-blue.media 
File URL: https://cdn.starapps.studio/v2/apps/vsk/mildlyhome/groups/992708/wearable-blanket-sweatshirt-grey.media 
File URL: https://cdn.starapps.studio/v2/apps/vsk/mildlyhome/groups/992708/wearable-blanket-sweatshirt-dark-grey.media 
File URL: https://cdn.starapps.studio/v2/apps/vsk/milu-james-st/groups/3664183/mira-cotton-short-in-white.media 
File URL: https://cdn.starapps.studio/v2/apps/vsk/milu-james-st/groups/3664183/mira-cotton-short-in-black.media 
File URL: https://cdn.starapps.studio/v2/apps/vsk/milu-james-st/groups/1074753/munich-sneaker-in-white-cream.media 
File URL: https://cdn.starapps.studio/v2/apps/vsk/mim-chile/groups/1245232/ohio-coco-chile.media 
File URL: https://cdn.starapps.studio/v2/apps/vsk/mim-chile/groups/1219030/bob-dorado-chile.media 
File URL: https://cdn.starapps.studio/v2/apps/vsk/mim-chile/groups/1219071/laureta-negro-glitter-chile.media 
File URL: https://cdn.starapps.studio/v2/apps/vsk/mimi-co-au/groups/982699/osfm-swim-nappy-russo.media 
File URL: https://cdn.starapps.studio/v2/apps/vsk/mimi-co-au/groups/982699/osfm-swim-nappy-foille.media 
File URL: https://cdn.starapps.studio/v2/apps/vsk/mimi-co-au/groups/982699/osfm-swim-nappy-burnside.media 
File URL: https://cdn.starapps.studio/v2/apps/vsk/mim-mex/groups/1245060/enoa-dorado.media 
File URL: https://cdn.starapps.studio/v2/apps/vsk/mim-mex/groups/1245051/elie-dorado.media 
File URL: https://cdn.starapps.studio/v2/apps/vsk/mim-mex/groups/1245048/greta-metalizado.media 
File URL: https://cdn.starapps.studio/v2/apps/vsk/mim-shoes/groups/1615916/lee-dorado.media 
File URL: https://cdn.starapps.studio/v2/apps/vsk/mim-shoes/groups/2956178/sirena-snake-rosa.media 
File URL: https://cdn.starapps.studio/v2/apps/vsk/mim-shoes/groups/1042155/aya-glitter-negro.media 
File URL: https://cdn.starapps.studio/v2/apps/vsk/minastormdev/groups/58149/tanga-maya-irise-noir-dore.media 
File URL: https://cdn.starapps.studio/v2/apps/vsk/minastormdev/groups/223800/triangle-linn-tulle-recycle-imprime-bleu-denim.media 
File URL: https://cdn.starapps.studio/v2/apps/vsk/minastormdev/groups/58148/culotte-anna-irise-noir-dore.media 
File URL: https://cdn.starapps.studio/v2/apps/vsk/minaundbruno/groups/1778351/hundebett.media 
File URL: https://cdn.starapps.studio/v2/apps/vsk/mini-brook/groups/852108/onesie-marigold-stripes.media 
File URL: https://cdn.starapps.studio/v2/apps/vsk/mini-brook/groups/852108/onesie-pink-candy-stripes.media 
File URL: https://cdn.starapps.studio/v2/apps/vsk/mini-brook/groups/881514/copy-of-noah-short-trooper-dip-dye.media 
File URL: https://cdn.starapps.studio/v2/apps/vsk/miro-sol-mayorista/groups/403202/art-700207-sumatra.media 
File URL: https://cdn.starapps.studio/v2/apps/vsk/miro-sol-mayorista/groups/703484/art-43124891-yala.media 
File URL: https://cdn.starapps.studio/v2/apps/vsk/miro-sol-mayorista/groups/403219/71015491-bikini-comb-91-ondina.media 
File URL: https://cdn.starapps.studio/v2/apps/vsk/mirosol-mx/groups/378302/corpino-art-7303-fiesta.media 
File URL: https://cdn.starapps.studio/v2/apps/vsk/mirosol-mx/groups/378355/bikini-art-7120-kauai.media 
File URL: https://cdn.starapps.studio/v2/apps/vsk/mirosol-mx/groups/378371/bombacha-art-7220-lavanda.media 
File URL: https://cdn.starapps.studio/v2/apps/vsk/mirosol/groups/181344/bikini-art-7160-infanta-leonor.media 
File URL: https://cdn.starapps.studio/v2/apps/vsk/mirosol/groups/181334/bikini-art-7120-kauai.media 
File URL: https://cdn.starapps.studio/v2/apps/vsk/mirosol/groups/181415/malla-una-pieza-art-7042.media 
File URL: https://cdn.starapps.studio/v2/apps/vsk/misela-global/groups/4597226/alia-at-anatolia-black-anthracite-one-size-ss24.media 
File URL: https://cdn.starapps.studio/v2/apps/vsk/misela-global/groups/4597658/nova-at-anatolia-white-dark-taupe-20cm-ss24.media 
File URL: https://cdn.starapps.studio/v2/apps/vsk/misela-global/groups/4597456/martha-at-anatolia-beige-silver-one-size-ss24.media 
File URL: https://cdn.starapps.studio/v2/apps/vsk/misela-tr/groups/4615720/lara-at-anatolia-light-taupe-anthracite-l-ss24-megamono.media 
File URL: https://cdn.starapps.studio/v2/apps/vsk/misela-tr/groups/4615720/lara-at-anatolia-light-taupe-white-l-ss24-megamono.media 
File URL: https://cdn.starapps.studio/v2/apps/vsk/misela-tr/groups/4615720/lara-at-anatolia-beige-gold-l-ss24-megamono.media 
File URL: https://cdn.starapps.studio/v2/apps/vsk/miss-diva-style/groups/217613/satin-open-toe-flower-in-ivory-satin.media 
File URL: https://cdn.starapps.studio/v2/apps/vsk/miss-diva-style/groups/217444/tempany-block-heel-perspex-sandal-in-rose-gold.media 
File URL: https://cdn.starapps.studio/v2/apps/vsk/miss-diva-style/groups/217410/majorca-diamante-edge-clear-slider-with-toe-ring-in-gold.media 
File URL: https://cdn.starapps.studio/v2/apps/vsk/missnori/groups/1146831/חולצת-הולידיי-בשילוב-מלמלה-לבן-לבבות-כסופים.media 
Failed to read URL https://cdn.starapps.studio/v2/apps/vsk/missnori/groups/1146831/חולצת-הולידיי-בשילוב-מלמלה-לבן-לבבות-כסופים.media URI must be ascii only "https://cdn.starapps.studio/v2/apps/vsk/missnori/groups/1146831/\u05D7\u05D5\u05DC\u05E6\u05EA-\u05D4\u05D5\u05DC\u05D9\u05D3\u05D9\u05D9-\u05D1\u05E9\u05D9\u05DC\u05D5\u05D1-\u05DE\u05DC\u05DE\u05DC\u05D4-\u05DC\u05D1\u05DF-\u05DC\u05D1\u05D1\u05D5\u05EA-\u05DB\u05E1\u05D5\u05E4\u05D9\u05DD.media"
File URL: https://cdn.starapps.studio/v2/apps/vsk/missnori/groups/976660/raven-coat-blue.media 
File URL: https://cdn.starapps.studio/v2/apps/vsk/missnori/groups/1027547/animal-heels-leopard.media 
File URL: https://cdn.starapps.studio/v2/apps/vsk/mister-timbuktu/groups/148952/elements-waterproof-jacket-topography.media 
File URL: https://cdn.starapps.studio/v2/apps/vsk/mister-timbuktu/groups/148952/elements-waterproof-jacket-makukara-ngurra.media 
File URL: https://cdn.starapps.studio/v2/apps/vsk/mister-timbuktu/groups/148952/elements-waterproof-jacket-opal.media 
File URL: https://cdn.starapps.studio/v2/apps/vsk/mlb-theme-test/groups/95648/ocean-blue-shirt.media 
File URL: https://cdn.starapps.studio/v2/apps/vsk/mmansion001/groups/3839140/washed-puffer-grey-blue.media 
File URL: https://cdn.starapps.studio/v2/apps/vsk/mmansion001/groups/3839140/washed-puffer-black.media 
File URL: https://cdn.starapps.studio/v2/apps/vsk/mmansion001/groups/3839140/washed-puffer-beige.media 
File URL: https://cdn.starapps.studio/v2/apps/vsk/mmshoesonline/groups/391042/sandalia-tacon-nudo-rosa.media 
File URL: https://cdn.starapps.studio/v2/apps/vsk/mmshoesonline/groups/391042/sandalia-tacon-nudo-verde.media 
File URL: https://cdn.starapps.studio/v2/apps/vsk/mmshoesonline/groups/346348/sneaker-time-verde.media 
File URL: https://cdn.starapps.studio/v2/apps/vsk/mmthreads/groups/4154101/mini-blankie-gourdgeous-blooms.media 
File URL: https://cdn.starapps.studio/v2/apps/vsk/mmthreads/groups/4154101/mini-blankie-monster-trucks.media 
File URL: https://cdn.starapps.studio/v2/apps/vsk/mmthreads/groups/3852658/toddler-blankie-sleep-tight-b2.media 
File URL: https://cdn.starapps.studio/v2/apps/vsk/moana-luu-studio/groups/4411593/doudou-bangle-bracelet-18k-white-gold-and-baguette-diamonds.media 
File URL: https://cdn.starapps.studio/v2/apps/vsk/moana-luu-studio/groups/4412213/ml-cane-cuff-bracelet-silver.media 
File URL: https://cdn.starapps.studio/v2/apps/vsk/moana-luu-studio/groups/4411593/doudou-bangle-bracelet-yellow-gold-and-diamonds.media 
File URL: https://cdn.starapps.studio/v2/apps/vsk/moda-minx-usa/groups/3970462/lumiere-rainbow-lurex-triangle-crystal-bikini-top.media 
File URL: https://cdn.starapps.studio/v2/apps/vsk/moda-minx-usa/groups/3970534/sweet-like-candy-raspberry-twist-double-strap-contrast-triangle-crystal-bikini-top.media 
File URL: https://cdn.starapps.studio/v2/apps/vsk/moda-minx-usa/groups/3970535/sweet-like-candy-sour-apple-triple-crystal-contrast-halter-top.media 
File URL: https://cdn.starapps.studio/v2/apps/vsk/modeateliergall/groups/4598075/sweatshirt-11832-beige-neonpink.media 
File URL: https://cdn.starapps.studio/v2/apps/vsk/modeateliergall/groups/4598075/sweatshirt-11832-camel-neonorange.media 
File URL: https://cdn.starapps.studio/v2/apps/vsk/modeateliergall/groups/4150421/verspieltes-armband-pink-mix.media 
File URL: https://cdn.starapps.studio/v2/apps/vsk/modern-abayati/groups/124631/essential-chiffon-hijab-black.media 
File URL: https://cdn.starapps.studio/v2/apps/vsk/modern-abayati/groups/124631/essential-chiffon-hijab-camel.media 
File URL: https://cdn.starapps.studio/v2/apps/vsk/modern-abayati/groups/124631/essential-chiffon-hijab-blush.media 
File URL: https://cdn.starapps.studio/v2/apps/vsk/modernappeals/groups/1027580/copy-of-stone-wishing-well-j.media 
File URL: https://cdn.starapps.studio/v2/apps/vsk/modora-co-uk/groups/341301/light-green-tassel-finish-scarf.media 
File URL: https://cdn.starapps.studio/v2/apps/vsk/modora-co-uk/groups/341301/grey-melange-tassel-finish-scarf.media 
File URL: https://cdn.starapps.studio/v2/apps/vsk/modora-co-uk/groups/341301/beige-tassel-finish-scarf.media 
File URL: https://cdn.starapps.studio/v2/apps/vsk/moira-beauty/groups/2101569/lip-plush-cream-015-glee.media 
File URL: https://cdn.starapps.studio/v2/apps/vsk/moira-beauty/groups/2101569/lip-plush-cream-016-solid.media 
File URL: https://cdn.starapps.studio/v2/apps/vsk/moira-beauty/groups/3784745/starstruck-chrome-loose-powder-007-starstruck.media 
File URL: https://cdn.starapps.studio/v2/apps/vsk/moira-muse/groups/379117/gloria-midi-dress-dusty-blue.media 
File URL: https://cdn.starapps.studio/v2/apps/vsk/moira-muse/groups/379117/gloria-midi-dress-white.media 
File URL: https://cdn.starapps.studio/v2/apps/vsk/moira-muse/groups/379122/audrey-skirt-geo.media 
File URL: https://cdn.starapps.studio/v2/apps/vsk/moismont/groups/4012172/gilet-paula-n-742-nagpur-pop-pink.media 
File URL: https://cdn.starapps.studio/v2/apps/vsk/moismont/groups/1095685/sac-cabas-n-39-roma-tomette.media 
File URL: https://cdn.starapps.studio/v2/apps/vsk/moismont/groups/1095535/foulard-n-656-nordic-blue.media 
File URL: https://cdn.starapps.studio/v2/apps/vsk/molekuel/groups/315454/flaschengarten-diy-strahlenaralie.media 
File URL: https://cdn.starapps.studio/v2/apps/vsk/molekuel/groups/315454/flaschengarten-diy-elefantenfuss.media 
File URL: https://cdn.starapps.studio/v2/apps/vsk/molekuel/groups/315454/flaschengarten-diy-korallenkaktus.media 
File URL: https://cdn.starapps.studio/v2/apps/vsk/momina-modestwear/groups/971673/silk-satin-hijab-sunburst.media 
File URL: https://cdn.starapps.studio/v2/apps/vsk/momina-modestwear/groups/971673/silk-satin-hijab-luna.media 
File URL: https://cdn.starapps.studio/v2/apps/vsk/momina-modestwear/groups/971673/silk-satin-hijab-shell-pink.media 
File URL: https://cdn.starapps.studio/v2/apps/vsk/mommys-ark/groups/68391/silicone-baby-bib-rainbows.media 
File URL: https://cdn.starapps.studio/v2/apps/vsk/mommys-ark/groups/68391/silicone-baby-bib-strawberries.media 
File URL: https://cdn.starapps.studio/v2/apps/vsk/monacomusehair/groups/4171169/paris-it-girl.media 
File URL: https://cdn.starapps.studio/v2/apps/vsk/monacomusehair/groups/4171169/monaco-model-weave.media 
File URL: https://cdn.starapps.studio/v2/apps/vsk/monacomusehair/groups/4171169/golden-goddess.media 
File URL: https://cdn.starapps.studio/v2/apps/vsk/monfrere-fashion/groups/397810/brando-blanc.media 
File URL: https://cdn.starapps.studio/v2/apps/vsk/monfrere-fashion/groups/405263/greyson-blanc.media 
File URL: https://cdn.starapps.studio/v2/apps/vsk/monfrere-fashion/groups/405263/greyson-noir.media 
File URL: https://cdn.starapps.studio/v2/apps/vsk/monikablunderbeauty-com/groups/425046/liquid-flush-cheek-tint-salzburg.media 
File URL: https://cdn.starapps.studio/v2/apps/vsk/monikablunderbeauty-com/groups/425046/liquid-flush-cheek-tint-wien.media 
File URL: https://cdn.starapps.studio/v2/apps/vsk/monikablunderbeauty-com/groups/3890806/drei.media 
File URL: https://cdn.starapps.studio/v2/apps/vsk/monofaqts/groups/192026/podium-estremoz-sideboard.media 
File URL: https://cdn.starapps.studio/v2/apps/vsk/monofaqts/groups/210806/round-tray-arabescato.media 
File URL: https://cdn.starapps.studio/v2/apps/vsk/monofaqts/groups/152034/ossi-wall-mount-system.media 
File URL: https://cdn.starapps.studio/v2/apps/vsk/mono-studios/groups/378050/hiking-core-cap-suede-white-shark-woman.media 
File URL: https://cdn.starapps.studio/v2/apps/vsk/mono-studios/groups/378038/hiking-core-cap-suede-black-black-man.media 
File URL: https://cdn.starapps.studio/v2/apps/vsk/mono-studios/groups/378038/hiking-core-cap-grained-leather-chocolate-man.media 
File URL: https://cdn.starapps.studio/v2/apps/vsk/montclairlightingworks/groups/3347966/montclair-light-works-warehouse-16-pendant-light-in-light-blue-peb184-54-c02-g06.media 
File URL: https://cdn.starapps.studio/v2/apps/vsk/montclairlightingworks/groups/3347966/montclair-light-works-warehouse-16-pendant-light-in-light-blue-peb184-54-c02-w16.media 
File URL: https://cdn.starapps.studio/v2/apps/vsk/montclairlightingworks/groups/3347975/montclair-light-works-warehouse-16-pendant-light-in-light-blue-peb184-54-c25.media 
File URL: https://cdn.starapps.studio/v2/apps/vsk/mood-marketing-9990/groups/4380529/trikini-fiji-manzana.media 
File URL: https://cdn.starapps.studio/v2/apps/vsk/mood-marketing-9990/groups/4380529/trikini-fiji-salmon.media 
File URL: https://cdn.starapps.studio/v2/apps/vsk/mood-marketing-9990/groups/4380529/trikini-fiji-topo.media 
File URL: https://cdn.starapps.studio/v2/apps/vsk/moolk/groups/4661881/lucy-dress-purple-gingham-copy.media 
File URL: https://cdn.starapps.studio/v2/apps/vsk/moolk/groups/4661881/lucy-dress-purple-gingham.media 
File URL: https://cdn.starapps.studio/v2/apps/vsk/moolk/groups/4661880/palazzo-pants-marina.media 
File URL: https://cdn.starapps.studio/v2/apps/vsk/moonstone-mane/groups/12006/bethany-one-piece-white-ribbed.media 
File URL: https://cdn.starapps.studio/v2/apps/vsk/moonstone-mane/groups/11840/alisa-bottoms-lilac-tie-dye.media 
File URL: https://cdn.starapps.studio/v2/apps/vsk/moonstone-mane/groups/12013/bailey-bottoms-leopard-ii-1.media 
File URL: https://cdn.starapps.studio/v2/apps/vsk/moresoo/groups/3148863/moresoo-pu-hole-flat-weft-virgin-bundles-human-hair-off-black-1b.media 
File URL: https://cdn.starapps.studio/v2/apps/vsk/moresoo/groups/3148863/moresoo-pu-hole-flat-weft-virgin-bundles-human-hair-weave-natural-black-1b.media 
File URL: https://cdn.starapps.studio/v2/apps/vsk/moresoo/groups/3148863/moresoo-pu-hole-flat-weft-virgin-bundles-human-hair-weave-highlight-blonde-18-613.media 
File URL: https://cdn.starapps.studio/v2/apps/vsk/mother-house-hk/groups/368854/mg14800.media 
File URL: https://cdn.starapps.studio/v2/apps/vsk/mother-house-hk/groups/368854/mg14790.media 
File URL: https://cdn.starapps.studio/v2/apps/vsk/motipod/groups/137714/motipod-starter-bundle-for-nespresso®.media 
Failed to read URL https://cdn.starapps.studio/v2/apps/vsk/motipod/groups/137714/motipod-starter-bundle-for-nespresso®.media URI must be ascii only "https://cdn.starapps.studio/v2/apps/vsk/motipod/groups/137714/motipod-starter-bundle-for-nespresso\u00AE.media"
File URL: https://cdn.starapps.studio/v2/apps/vsk/motipod/groups/137714/double-capsule-bundle-for-nespresso®.media 
Failed to read URL https://cdn.starapps.studio/v2/apps/vsk/motipod/groups/137714/double-capsule-bundle-for-nespresso®.media URI must be ascii only "https://cdn.starapps.studio/v2/apps/vsk/motipod/groups/137714/double-capsule-bundle-for-nespresso\u00AE.media"
File URL: https://cdn.starapps.studio/v2/apps/vsk/motipod/groups/137714/starter-bundle-for-nespresso®-3x-pods.media 
Failed to read URL https://cdn.starapps.studio/v2/apps/vsk/motipod/groups/137714/starter-bundle-for-nespresso®-3x-pods.media URI must be ascii only "https://cdn.starapps.studio/v2/apps/vsk/motipod/groups/137714/starter-bundle-for-nespresso\u00AE-3x-pods.media"
File URL: https://cdn.starapps.studio/v2/apps/vsk/motusboutique/groups/4529601/robe-maelle.media 
File URL: https://cdn.starapps.studio/v2/apps/vsk/motusboutique/groups/4256083/robe-dolores.media 
File URL: https://cdn.starapps.studio/v2/apps/vsk/motusboutique/groups/4267726/robe-delly.media 
File URL: https://cdn.starapps.studio/v2/apps/vsk/moueclub/groups/24329/rose-transparent-crossbody-phone-case.media 
File URL: https://cdn.starapps.studio/v2/apps/vsk/moueclub/groups/24329/black-transparent-crossbody-phone-case.media 
File URL: https://cdn.starapps.studio/v2/apps/vsk/moueclub/groups/24329/grey-transparent-crossbody-phone-case.media 
File URL: https://cdn.starapps.studio/v2/apps/vsk/mountain-voyage-co/groups/2503215/vintage-brown-leather-slim-wallet.media 
File URL: https://cdn.starapps.studio/v2/apps/vsk/mountain-voyage-co/groups/2503215/red-wood-carbon-reinforced-slim-wallet.media 
File URL: https://cdn.starapps.studio/v2/apps/vsk/mountain-voyage-co/groups/2503215/khaki-light-brown-leather-slim-wallet.media 
File URL: https://cdn.starapps.studio/v2/apps/vsk/mous-dev/groups/2982058/limitless-5-0-magsafe-compatible-walnut-phone-case.media 
File URL: https://cdn.starapps.studio/v2/apps/vsk/mous-dev/groups/3236730/clear-phone-case-clarity_magsafe_compatible-clear-storror-liquid-warp.media 
File URL: https://cdn.starapps.studio/v2/apps/vsk/mous-dev/groups/3236730/clear-phone-case-clarity-magsafe-compatible-clear-storror-squad.media 
File URL: https://cdn.starapps.studio/v2/apps/vsk/mous-eu/groups/3159970/wireless-charger-apple-watch-matte_black.media 
File URL: https://cdn.starapps.studio/v2/apps/vsk/mous-eu/groups/3368092/clear-phone-case-clarity_magsafe_compatible-clear-ben_eine_pink_smiley.media 
File URL: https://cdn.starapps.studio/v2/apps/vsk/mous-eu/groups/3237743/clear-phone-case-clarity-clear-storror_liquid_warp.media 
File URL: https://cdn.starapps.studio/v2/apps/vsk/mous-row/groups/3237745/clear-phone-case-clarity-clear-storror_logo.media 
File URL: https://cdn.starapps.studio/v2/apps/vsk/mous-row/groups/3650852/clear-phone-case-clarity-iridescent-none.media 
File URL: https://cdn.starapps.studio/v2/apps/vsk/mous-row/groups/3650852/clear-phone-case-clarity-clear-none.media 
File URL: https://cdn.starapps.studio/v2/apps/vsk/mous-staging/groups/3364736/clear-phone-case-clarity-clear-ben_eine_pink_smiley.media 
File URL: https://cdn.starapps.studio/v2/apps/vsk/mous-staging/groups/3364736/clear-phone-case-clarity-clear-ben_eine_green_smiley.media 
File URL: https://cdn.starapps.studio/v2/apps/vsk/mous-staging/groups/3364736/clear-phone-case-clarity-clear-ben_eine_change.media 
File URL: https://cdn.starapps.studio/v2/apps/vsk/mous-uk/groups/3237749/clear-phone-case-clarity_magsafe_compatible-clear-storror_squad.media 
File URL: https://cdn.starapps.studio/v2/apps/vsk/mous-uk/groups/3237749/clear-phone-case-clarity_magsafe_compatible-clear-storror_liquid_warp.media 
File URL: https://cdn.starapps.studio/v2/apps/vsk/mous-uk/groups/3237749/clear-phone-case-clarity_magsafe_compatible-clear-storror_logo.media 
File URL: https://cdn.starapps.studio/v2/apps/vsk/mous-us/groups/3662144/henry-fraser-spiky-plant-printed-clarity-case.media 
File URL: https://cdn.starapps.studio/v2/apps/vsk/mous-us/groups/3656063/super-thin-magsafe-compatible-phone-case-aramid_fibre.media 
File URL: https://cdn.starapps.studio/v2/apps/vsk/mous-us/groups/3656063/super-thin-magsafe-compatible-phone-case-black.media 
File URL: https://cdn.starapps.studio/v2/apps/vsk/moveca-decor/groups/1058734/abajur-0536.media 
File URL: https://cdn.starapps.studio/v2/apps/vsk/moveca-decor/groups/1058734/abajur-0519.media 
File URL: https://cdn.starapps.studio/v2/apps/vsk/moveca-decor/groups/1058734/abajur-0566.media 
File URL: https://cdn.starapps.studio/v2/apps/vsk/msblue-jewelry/groups/633885/2-ct-pear-shaped-green-moissanite-engagement-ring-with-hidden-halo.media 
File URL: https://cdn.starapps.studio/v2/apps/vsk/msblue-jewelry/groups/633891/2-ct-micropave-oval-green-moissanite-engagement-ring-with-hidden-halo.media 
File URL: https://cdn.starapps.studio/v2/apps/vsk/msblue-jewelry/groups/634436/2-ct-six-prong-solitaire-green-moissanite-engagement-ring-with-hidden-halo.media 
File URL: https://cdn.starapps.studio/v2/apps/vsk/mt-designs-ny/groups/298022/41-swirl-graphic-tee.media 
File URL: https://cdn.starapps.studio/v2/apps/vsk/muhaqauod/groups/297410/فان-جوخ.media 
Failed to read URL https://cdn.starapps.studio/v2/apps/vsk/muhaqauod/groups/297410/فان-جوخ.media URI must be ascii only "https://cdn.starapps.studio/v2/apps/vsk/muhaqauod/groups/297410/\u0641\u0627\u0646-\u062C\u0648\u062E.media"
File URL: https://cdn.starapps.studio/v2/apps/vsk/muhaqauod/groups/297410/فان-جوخ-2.media 
Failed to read URL https://cdn.starapps.studio/v2/apps/vsk/muhaqauod/groups/297410/فان-جوخ-2.media URI must be ascii only "https://cdn.starapps.studio/v2/apps/vsk/muhaqauod/groups/297410/\u0641\u0627\u0646-\u062C\u0648\u062E-2.media"
File URL: https://cdn.starapps.studio/v2/apps/vsk/muhaqauod/groups/297410/فان-جوخ-3.media 
Failed to read URL https://cdn.starapps.studio/v2/apps/vsk/muhaqauod/groups/297410/فان-جوخ-3.media URI must be ascii only "https://cdn.starapps.studio/v2/apps/vsk/muhaqauod/groups/297410/\u0641\u0627\u0646-\u062C\u0648\u062E-3.media"
File URL: https://cdn.starapps.studio/v2/apps/vsk/mushie-japan/groups/3243161/spoon-cambridge-blue-shifting-sand.media 
File URL: https://cdn.starapps.studio/v2/apps/vsk/mushie-japan/groups/3243161/spoon-blush-shifting-sand.media 
File URL: https://cdn.starapps.studio/v2/apps/vsk/mushie-japan/groups/3243134/sippycup-soft-lilac.media 
File URL: https://cdn.starapps.studio/v2/apps/vsk/muth-cl/groups/4538688/polera-jati-negra.media 
File URL: https://cdn.starapps.studio/v2/apps/vsk/muth-cl/groups/4164432/jeans-ubud-azul-bordados.media 
File URL: https://cdn.starapps.studio/v2/apps/vsk/muth-cl/groups/4164432/jeans-ubud-gre.media 
File URL: https://cdn.starapps.studio/v2/apps/vsk/muze-pens/groups/2671509/taccia-ukiyo-e-hokusai-katsushika-urushi-fountain-pen-hokusai-sabimidori-rust-green-浮世繪漆鋼筆-北齋錆綠.media 
Failed to read URL https://cdn.starapps.studio/v2/apps/vsk/muze-pens/groups/2671509/taccia-ukiyo-e-hokusai-katsushika-urushi-fountain-pen-hokusai-sabimidori-rust-green-浮世繪漆鋼筆-北齋錆綠.media URI must be ascii only "https://cdn.starapps.studio/v2/apps/vsk/muze-pens/groups/2671509/taccia-ukiyo-e-hokusai-katsushika-urushi-fountain-pen-hokusai-sabimidori-rust-green-\u6D6E\u4E16\u7E6A\u6F06\u92FC\u7B46-\u5317\u9F4B\u9306\u7DA0.media"
File URL: https://cdn.starapps.studio/v2/apps/vsk/muze-pens/groups/2671518/taccia-nature-reserve-aquatic-fountain-pen-sapphire-river-漆鋼筆-藍寶石河-limited-edition.media 
Failed to read URL https://cdn.starapps.studio/v2/apps/vsk/muze-pens/groups/2671518/taccia-nature-reserve-aquatic-fountain-pen-sapphire-river-漆鋼筆-藍寶石河-limited-edition.media URI must be ascii only "https://cdn.starapps.studio/v2/apps/vsk/muze-pens/groups/2671518/taccia-nature-reserve-aquatic-fountain-pen-sapphire-river-\u6F06\u92FC\u7B46-\u85CD\u5BF6\u77F3\u6CB3-limited-edition.media"
File URL: https://cdn.starapps.studio/v2/apps/vsk/muze-pens/groups/2671509/taccia-ukiyo-e-hokusai-katsushika-urushi-fountain-pen-hokusai-koiai-dark-indigo-浮世繪漆鋼筆-北齋濃藍.media 
Failed to read URL https://cdn.starapps.studio/v2/apps/vsk/muze-pens/groups/2671509/taccia-ukiyo-e-hokusai-katsushika-urushi-fountain-pen-hokusai-koiai-dark-indigo-浮世繪漆鋼筆-北齋濃藍.media URI must be ascii only "https://cdn.starapps.studio/v2/apps/vsk/muze-pens/groups/2671509/taccia-ukiyo-e-hokusai-katsushika-urushi-fountain-pen-hokusai-koiai-dark-indigo-\u6D6E\u4E16\u7E6A\u6F06\u92FC\u7B46-\u5317\u9F4B\u6FC3\u85CD.media"
File URL: https://cdn.starapps.studio/v2/apps/vsk/mvp-wardrobe-usa/groups/2509718/waldorf-short-1.media 
File URL: https://cdn.starapps.studio/v2/apps/vsk/mvp-wardrobe-usa/groups/2509714/pfeiffer-knitwear-1.media 
File URL: https://cdn.starapps.studio/v2/apps/vsk/mvp-wardrobe-usa/groups/3976179/contes-knitwear-1.media 
File URL: https://cdn.starapps.studio/v2/apps/vsk/mxttecom/groups/3861570/link-bracelet-silver-1.media 
File URL: https://cdn.starapps.studio/v2/apps/vsk/mxttecom/groups/3861578/square-necklace-rose-gold.media 
File URL: https://cdn.starapps.studio/v2/apps/vsk/mxttecom/groups/3861578/square-necklace-black.media 
File URL: https://cdn.starapps.studio/v2/apps/vsk/my1-staging-levis/groups/4067648/levis-fresh-womens-esther-modern-cotton-jacket-a18240001.media 
File URL: https://cdn.starapps.studio/v2/apps/vsk/my1-staging-levis/groups/4067892/levis-womens-otto-western-mini-denim-dress-a75650000.media 
File URL: https://cdn.starapps.studio/v2/apps/vsk/my1-staging-levis/groups/4067961/levis-gold-tab-mens-joggers-a37830014.media 
File URL: https://cdn.starapps.studio/v2/apps/vsk/mybabiie/groups/4161520/dani-dyer-elephants-travel-cot.media 
File URL: https://cdn.starapps.studio/v2/apps/vsk/mybabiie/groups/4161520/blush-quilted-travel-cot.media 
File URL: https://cdn.starapps.studio/v2/apps/vsk/mybabiie/groups/4161520/my-babiie-black-quilted-travel-cot.media 
File URL: https://cdn.starapps.studio/v2/apps/vsk/my-carry-potty/groups/4243513/dinosaur-my-little-swimsuit.media 
File URL: https://cdn.starapps.studio/v2/apps/vsk/my-carry-potty/groups/286753/cow-my-carry-potty.media 
File URL: https://cdn.starapps.studio/v2/apps/vsk/my-carry-potty/groups/286753/fox-my-carry-potty.media 
File URL: https://cdn.starapps.studio/v2/apps/vsk/my-celebrity-closet/groups/406752/anna-cowl-neckline-gown-navy.media 
File URL: https://cdn.starapps.studio/v2/apps/vsk/my-celebrity-closet/groups/406752/anna-cowl-neckline-gown-champagne.media 
File URL: https://cdn.starapps.studio/v2/apps/vsk/my-celebrity-closet/groups/991625/whitney-satin-strapless-midi-dress-orange.media 
File URL: https://cdn.starapps.studio/v2/apps/vsk/mydemobronze/groups/98208/abc.media 
File URL: https://cdn.starapps.studio/v2/apps/vsk/mydemobronze/groups/98209/abc.media 
File URL: https://cdn.starapps.studio/v2/apps/vsk/mydemobronze/groups/98209/ads.media 
File URL: https://cdn.starapps.studio/v2/apps/vsk/my-obvi/groups/3735380/more-than-collagen-fruity-cereal.media 
File URL: https://cdn.starapps.studio/v2/apps/vsk/my-obvi/groups/3735380/more-than-collagen-watermelon.media 
File URL: https://cdn.starapps.studio/v2/apps/vsk/my-obvi/groups/3735380/more-than-collagen-cocoa-cereal.media 
File URL: https://cdn.starapps.studio/v2/apps/vsk/my-outfit-online/groups/169072/half-in-love-bodysuit-jaguar.media 
File URL: https://cdn.starapps.studio/v2/apps/vsk/my-outfit-online/groups/291756/half-in-love-wide-leg-glitter-jumpsuit-gold.media 
File URL: https://cdn.starapps.studio/v2/apps/vsk/my-outfit-online/groups/4016280/v-shape-micro-ribbed-long-sleeve-top-light-heather-gray.media 
File URL: https://cdn.starapps.studio/v2/apps/vsk/my-pdn-levis/groups/3809522/cropped-cool-trucker-jacket-856980001.media 
File URL: https://cdn.starapps.studio/v2/apps/vsk/my-pdn-levis/groups/3809638/levis-mens-short-sleeve-classic-1-pocket-standard-fit-shirt-866270079.media 
File URL: https://cdn.starapps.studio/v2/apps/vsk/my-pdn-levis/groups/3809638/levis-mens-short-sleeve-classic-1-pocket-standard-fit-shirt-866270076.media 
File URL: https://cdn.starapps.studio/v2/apps/vsk/my-pinky-sun/groups/307847/elegant-beby-girl-dress.media 
File URL: https://cdn.starapps.studio/v2/apps/vsk/my-posh-mellow/groups/3723396/tint-my-brow-black-brown-1.media 
File URL: https://cdn.starapps.studio/v2/apps/vsk/my-posh-mellow/groups/3723396/tint-my-brow-soft-black.media 
File URL: https://cdn.starapps.studio/v2/apps/vsk/my-posh-mellow/groups/3723394/stamo-set.media 
File URL: https://cdn.starapps.studio/v2/apps/vsk/myraswim-2/groups/359822/the-aloe-cedar.media 
File URL: https://cdn.starapps.studio/v2/apps/vsk/myraswim-2/groups/359822/aloe-one-piece-chocolate.media 
File URL: https://cdn.starapps.studio/v2/apps/vsk/myraswim-2/groups/359840/celine-one-piece-black.media 
File URL: https://cdn.starapps.studio/v2/apps/vsk/myrivalshoes/groups/703541/mens-trips-1.media 
File URL: https://cdn.starapps.studio/v2/apps/vsk/myrivalshoes/groups/703539/womens-trips-1.media 
File URL: https://cdn.starapps.studio/v2/apps/vsk/myrivalshoes/groups/703537/womens-deuces-3.media 
File URL: https://cdn.starapps.studio/v2/apps/vsk/mysnuggiesstore/groups/3704255/mesh-kid-grey.media 
File URL: https://cdn.starapps.studio/v2/apps/vsk/mysnuggiesstore/groups/3704255/mesh-kid-grey-1.media 
File URL: https://cdn.starapps.studio/v2/apps/vsk/mysnuggiesstore/groups/994279/snuggies-men-cozy-blue.media 
File URL: https://cdn.starapps.studio/v2/apps/vsk/my-staging-levis/groups/4063743/levis-mens-sunset-no-pocket-camp-shirt-a46280002.media 
File URL: https://cdn.starapps.studio/v2/apps/vsk/my-staging-levis/groups/4063742/levis-womens-scout-denim-blouse-a46000000.media 
File URL: https://cdn.starapps.studio/v2/apps/vsk/my-staging-levis/groups/4063740/levis-womens-shay-denim-dress-a45850001.media 
File URL: https://cdn.starapps.studio/v2/apps/vsk/mywholesalefashion/groups/3816165/the-bold-lip-set-1-unit.media 
File URL: https://cdn.starapps.studio/v2/apps/vsk/mywholesalefashion/groups/3816288/cucumber-setting-spray-12-units.media 
File URL: https://cdn.starapps.studio/v2/apps/vsk/mywholesalefashion/groups/3816288/rose-setting-spray-12-units.media 
File URL: https://cdn.starapps.studio/v2/apps/vsk/naariy/groups/1059100/white-solid-women-regular-fit-cotton-trouser.media 
File URL: https://cdn.starapps.studio/v2/apps/vsk/naariy/groups/1059100/coffee-brown-solid-women-regular-fit-cotton-trouser.media 
File URL: https://cdn.starapps.studio/v2/apps/vsk/naariy/groups/1059100/cement-grey-solid-women-regular-fit-cotton-trouser.media 
File URL: https://cdn.starapps.studio/v2/apps/vsk/naccessories1/groups/3147521/fashion-rhinestone-wristlet-lanyard-strap-keychain-multicolor.media 
File URL: https://cdn.starapps.studio/v2/apps/vsk/naccessories1/groups/3147521/fashion-rhinestone-wristlet-lanyard-strap-keychain-leopard.media 
File URL: https://cdn.starapps.studio/v2/apps/vsk/naccessories1/groups/400475/vivian-shining-star-rhinestone-brooch-multicolor.media 
File URL: https://cdn.starapps.studio/v2/apps/vsk/nailzzes/groups/3755685/ultra-tenky-univerzalni-9mm-stetec-tvuj-novy-nejlepsi-kamos.media 
File URL: https://cdn.starapps.studio/v2/apps/vsk/nailzzes/groups/3755685/ultra-tenky-mini-5mm-stetec-pro-precizni-detaily.media 
File URL: https://cdn.starapps.studio/v2/apps/vsk/nailzzes/groups/3755685/ultra-tenky-long-12mm-stetec-dlouhe-rovne-precizni-linky.media 
File URL: https://cdn.starapps.studio/v2/apps/vsk/naiylen-natural-life/groups/92410/sandali-borgognasandali-borgogna.media 
File URL: https://cdn.starapps.studio/v2/apps/vsk/naked-swimwear-usa/groups/3728785/brigitte-bottom-cream.media 
File URL: https://cdn.starapps.studio/v2/apps/vsk/naked-swimwear-usa/groups/3728785/calcinha-brigitte-magic-purple.media 
File URL: https://cdn.starapps.studio/v2/apps/vsk/naked-swimwear-usa/groups/3728785/calcinha-brigitte-deep-blue.media 
File URL: https://cdn.starapps.studio/v2/apps/vsk/namratashoppy/groups/1149777/bronzing-powder.media 
File URL: https://cdn.starapps.studio/v2/apps/vsk/namratashoppy/groups/1149777/octagon-metal-wall-shelf.media 
File URL: https://cdn.starapps.studio/v2/apps/vsk/namratashoppy/groups/1149777/hightop-sports-sneaker.media 
File URL: https://cdn.starapps.studio/v2/apps/vsk/nana-kay-jewelry/groups/1543863/modern-aztec-ring-silber-1.media 
File URL: https://cdn.starapps.studio/v2/apps/vsk/nana-kay-jewelry/groups/1543863/kopie-von-modern-aztec-ring-silber.media 
File URL: https://cdn.starapps.studio/v2/apps/vsk/nana-kay-jewelry/groups/1543983/french-chic-armband-silber.media 
File URL: https://cdn.starapps.studio/v2/apps/vsk/napa-society/groups/1097268/mini-leather-crossbdy-tote-in-charcoal.media 
magick: iCCP: extra compressed data `/var/folders/ml/9r6hr4zs3_51smrytx34b06w0000gn/T/mini_magick20241001-54886-9l53e4.media' @ warning/png.c/MagickPNGWarningHandler/1526.
mogrify: iCCP: extra compressed data `/var/folders/ml/9r6hr4zs3_51smrytx34b06w0000gn/T/mini_magick20241001-54886-yb00c6.media' @ warning/png.c/MagickPNGWarningHandler/1526.
mogrify: iCCP: extra compressed data `/var/folders/ml/9r6hr4zs3_51smrytx34b06w0000gn/T/mini_magick20241001-54886-c518oo.media' @ warning/png.c/MagickPNGWarningHandler/1526.
mogrify: iCCP: extra compressed data `/var/folders/ml/9r6hr4zs3_51smrytx34b06w0000gn/T/mini_magick20241001-54886-5b1jcv.media' @ warning/png.c/MagickPNGWarningHandler/1526.
mogrify: iCCP: extra compressed data `/var/folders/ml/9r6hr4zs3_51smrytx34b06w0000gn/T/mini_magick20241001-54886-ibytb0.media' @ warning/png.c/MagickPNGWarningHandler/1526.
File URL: https://cdn.starapps.studio/v2/apps/vsk/napa-society/groups/1097268/mini-leather-crossbdy-tote-in-honey.media 
magick: iCCP: extra compressed data `/var/folders/ml/9r6hr4zs3_51smrytx34b06w0000gn/T/mini_magick20241001-54886-7g7kb8.media' @ warning/png.c/MagickPNGWarningHandler/1526.
mogrify: iCCP: extra compressed data `/var/folders/ml/9r6hr4zs3_51smrytx34b06w0000gn/T/mini_magick20241001-54886-ewnjek.media' @ warning/png.c/MagickPNGWarningHandler/1526.
mogrify: iCCP: extra compressed data `/var/folders/ml/9r6hr4zs3_51smrytx34b06w0000gn/T/mini_magick20241001-54886-2x4uj3.media' @ warning/png.c/MagickPNGWarningHandler/1526.
mogrify: iCCP: extra compressed data `/var/folders/ml/9r6hr4zs3_51smrytx34b06w0000gn/T/mini_magick20241001-54886-y0w47c.media' @ warning/png.c/MagickPNGWarningHandler/1526.
mogrify: iCCP: extra compressed data `/var/folders/ml/9r6hr4zs3_51smrytx34b06w0000gn/T/mini_magick20241001-54886-iaswhi.media' @ warning/png.c/MagickPNGWarningHandler/1526.
File URL: https://cdn.starapps.studio/v2/apps/vsk/napa-society/groups/1097268/mini-leather-crossbdy-tote-in-coffee.media 
magick: iCCP: extra compressed data `/var/folders/ml/9r6hr4zs3_51smrytx34b06w0000gn/T/mini_magick20241001-54886-s6co3o.media' @ warning/png.c/MagickPNGWarningHandler/1526.
mogrify: iCCP: extra compressed data `/var/folders/ml/9r6hr4zs3_51smrytx34b06w0000gn/T/mini_magick20241001-54886-jnbfw.media' @ warning/png.c/MagickPNGWarningHandler/1526.
mogrify: iCCP: extra compressed data `/var/folders/ml/9r6hr4zs3_51smrytx34b06w0000gn/T/mini_magick20241001-54886-pt3car.media' @ warning/png.c/MagickPNGWarningHandler/1526.
mogrify: iCCP: extra compressed data `/var/folders/ml/9r6hr4zs3_51smrytx34b06w0000gn/T/mini_magick20241001-54886-4ixas3.media' @ warning/png.c/MagickPNGWarningHandler/1526.
mogrify: iCCP: extra compressed data `/var/folders/ml/9r6hr4zs3_51smrytx34b06w0000gn/T/mini_magick20241001-54886-tlcbs1.media' @ warning/png.c/MagickPNGWarningHandler/1526.
File URL: https://cdn.starapps.studio/v2/apps/vsk/natemiababy/groups/85298/bamboo-muslin-swaddle-blanket-harvest-gold.media 
File URL: https://cdn.starapps.studio/v2/apps/vsk/natemiababy/groups/124095/organic-cotton-muslin-poncho-cover-up-for-kids-1.media 
File URL: https://cdn.starapps.studio/v2/apps/vsk/natemiababy/groups/85298/muslin-bamboo-swaddle-blanket-lily-pad.media 
File URL: https://cdn.starapps.studio/v2/apps/vsk/neckrolly/groups/1026845/buy.media 
File URL: https://cdn.starapps.studio/v2/apps/vsk/negotia-leather/groups/665228/delta-toilettas-bruin.media 
File URL: https://cdn.starapps.studio/v2/apps/vsk/negotia-leather/groups/1106508/alpha-laptop-folio-15-6-zwart.media 
File URL: https://cdn.starapps.studio/v2/apps/vsk/negotia-leather/groups/665228/delta-toilettas-donkerbruin.media 
File URL: https://cdn.starapps.studio/v2/apps/vsk/neonsecretco/groups/714821/copy-of-micro-modal-anti-odor-briefs-pack-of-2sapphire-blue-and-milky-white.media 
File URL: https://cdn.starapps.studio/v2/apps/vsk/neonsecretco/groups/714821/pack-of-2-micro-modal-antibacterial-trunk.media 
File URL: https://cdn.starapps.studio/v2/apps/vsk/neonsecretco/groups/714821/micro-modal-anti-odor-briefs-pack-of-2-claret-and-sapphire-blue.media 
File URL: https://cdn.starapps.studio/v2/apps/vsk/netlens-com/groups/4123106/nividas-florence-transparent-dark-grey.media 
mogrify: profile 'icc': 'RGB ': RGB color space not permitted on grayscale PNG `/var/folders/ml/9r6hr4zs3_51smrytx34b06w0000gn/T/mini_magick20241001-54886-xxuwrx.media' @ warning/png.c/MagickPNGWarningHandler/1526.
mogrify: profile 'icc': 'RGB ': RGB color space not permitted on grayscale PNG `/var/folders/ml/9r6hr4zs3_51smrytx34b06w0000gn/T/mini_magick20241001-54886-xxuwrx.media' @ warning/png.c/MagickPNGWarningHandler/1526.
mogrify: profile 'icc': 'RGB ': RGB color space not permitted on grayscale PNG `/var/folders/ml/9r6hr4zs3_51smrytx34b06w0000gn/T/mini_magick20241001-54886-rrrkd.media' @ warning/png.c/MagickPNGWarningHandler/1526.
mogrify: profile 'icc': 'RGB ': RGB color space not permitted on grayscale PNG `/var/folders/ml/9r6hr4zs3_51smrytx34b06w0000gn/T/mini_magick20241001-54886-rrrkd.media' @ warning/png.c/MagickPNGWarningHandler/1526.
mogrify: profile 'icc': 'RGB ': RGB color space not permitted on grayscale PNG `/var/folders/ml/9r6hr4zs3_51smrytx34b06w0000gn/T/mini_magick20241001-54886-6e02dp.media' @ warning/png.c/MagickPNGWarningHandler/1526.
mogrify: profile 'icc': 'RGB ': RGB color space not permitted on grayscale PNG `/var/folders/ml/9r6hr4zs3_51smrytx34b06w0000gn/T/mini_magick20241001-54886-6e02dp.media' @ warning/png.c/MagickPNGWarningHandler/1526.
mogrify: profile 'icc': 'RGB ': RGB color space not permitted on grayscale PNG `/var/folders/ml/9r6hr4zs3_51smrytx34b06w0000gn/T/mini_magick20241001-54886-m54jwg.media' @ warning/png.c/MagickPNGWarningHandler/1526.
mogrify: profile 'icc': 'RGB ': RGB color space not permitted on grayscale PNG `/var/folders/ml/9r6hr4zs3_51smrytx34b06w0000gn/T/mini_magick20241001-54886-m54jwg.media' @ warning/png.c/MagickPNGWarningHandler/1526.
File URL: https://cdn.starapps.studio/v2/apps/vsk/netlens-com/groups/4123106/nividas-florence-transparent-brown.media 
File URL: https://cdn.starapps.studio/v2/apps/vsk/netlens-com/groups/3164467/nividas-valencia-transparent-brown.media 
File URL: https://cdn.starapps.studio/v2/apps/vsk/new-arrivals-global/groups/4268754/blanca-in-after-midnight.media 
File URL: https://cdn.starapps.studio/v2/apps/vsk/new-arrivals-global/groups/4268759/colette-shirt-in-las-salinas.media 
File URL: https://cdn.starapps.studio/v2/apps/vsk/new-arrivals-global/groups/4268759/colette-shirt-in-le-memphis.media 
File URL: https://cdn.starapps.studio/v2/apps/vsk/new-arrivals-int/groups/4268721/look-23.media 
File URL: https://cdn.starapps.studio/v2/apps/vsk/new-arrivals-int/groups/4268728/look-2.media 
File URL: https://cdn.starapps.studio/v2/apps/vsk/new-arrivals-int/groups/4268726/thea-in-cosmic.media 
File URL: https://cdn.starapps.studio/v2/apps/vsk/newelijah/groups/380096/repeat-t-shirt.media 
File URL: https://cdn.starapps.studio/v2/apps/vsk/new-gaia-baby/groups/1774514/serena-mini-room-set-2-piece-white-natural.media 
File URL: https://cdn.starapps.studio/v2/apps/vsk/new-gaia-baby/groups/1774449/hera-room-set-3-piece.media 
File URL: https://cdn.starapps.studio/v2/apps/vsk/new-gaia-baby/groups/1774449/hera-room-set-3-piece-scandi-white-natural.media 
File URL: https://cdn.starapps.studio/v2/apps/vsk/nexbuzz/groups/3713389/levis-502-taper-005013429.media 
File URL: https://cdn.starapps.studio/v2/apps/vsk/nexbuzz/groups/3713389/levis-mens-502-taper-jeans-005013426.media 
File URL: https://cdn.starapps.studio/v2/apps/vsk/nexbuzz/groups/3713390/levis-mens-501-original-fit-jeans-005013059.media 
File URL: https://cdn.starapps.studio/v2/apps/vsk/nex-llc2-com/groups/1106499/le2250mj.media 
File URL: https://cdn.starapps.studio/v2/apps/vsk/nexstep-apparel/groups/2505574/green-camouflage-leggings.media 
File URL: https://cdn.starapps.studio/v2/apps/vsk/nexstep-apparel/groups/2505574/black-camouflage-leggings.media 
File URL: https://cdn.starapps.studio/v2/apps/vsk/nexstep-apparel/groups/2505574/camouflage-leggings.media 
File URL: https://cdn.starapps.studio/v2/apps/vsk/nextdoll/groups/187834/1.media 
Failed to read URL https://cdn.starapps.studio/v2/apps/vsk/nextdoll/groups/187834/1.media 403 Forbidden
File URL: https://cdn.starapps.studio/v2/apps/vsk/nice-group-white-label/groups/418537/blue-t-shirt.media 
File URL: https://cdn.starapps.studio/v2/apps/vsk/nice-group-white-label/groups/418537/red-t-shirt.media 
File URL: https://cdn.starapps.studio/v2/apps/vsk/nicola-bangini/groups/3924543/mixed-feelings-tough-phone-case.media 
File URL: https://cdn.starapps.studio/v2/apps/vsk/nicola-bangini/groups/3924543/mixed-feelings-snap-phone-case.media 
File URL: https://cdn.starapps.studio/v2/apps/vsk/nicola-bangini/groups/3924543/mixed-feelings-tough-magsafe-case.media 
File URL: https://cdn.starapps.studio/v2/apps/vsk/nicounderwear/groups/311255/5-pack-of-baby-rompers.media 
File URL: https://cdn.starapps.studio/v2/apps/vsk/nicounderwear/groups/311255/3-pack-of-rompers.media 
File URL: https://cdn.starapps.studio/v2/apps/vsk/nicounderwear/groups/152356/3-pack-of-high-waisted-briefs-organic.media 
File URL: https://cdn.starapps.studio/v2/apps/vsk/nieuwedeal444/groups/224662/cosy-grijs.media 
File URL: https://cdn.starapps.studio/v2/apps/vsk/nieuwedeal444/groups/224662/cosy-roze.media 
File URL: https://cdn.starapps.studio/v2/apps/vsk/nieuwedeal444/groups/224662/lounge-set.media 
Failed to read URL https://cdn.starapps.studio/v2/apps/vsk/nieuwedeal444/groups/224662/lounge-set.media 403 Forbidden
File URL: https://cdn.starapps.studio/v2/apps/vsk/night-babe/groups/4628320/peach-mulberry-silk-pillowcase.media 
File URL: https://cdn.starapps.studio/v2/apps/vsk/night-babe/groups/4628320/silk-pillowcase-black.media 
File URL: https://cdn.starapps.studio/v2/apps/vsk/night-babe/groups/4628320/lollipop-pink-mulberry-silk-pillowcase.media 
File URL: https://cdn.starapps.studio/v2/apps/vsk/ninaderosier/groups/1087122/pyramid-ring.media 
File URL: https://cdn.starapps.studio/v2/apps/vsk/ninanguyendesigns/groups/3963988/demi-star-emerald-flat-back-earring-14k-yellow-gold.media 
File URL: https://cdn.starapps.studio/v2/apps/vsk/ninanguyendesigns/groups/3963977/movement-emerald-flat-back-earring-14k-yellow-gold.media 
File URL: https://cdn.starapps.studio/v2/apps/vsk/ninanguyendesigns/groups/3963988/demi-star-stud-earring-14k-yellow-gold-1.media 
File URL: https://cdn.starapps.studio/v2/apps/vsk/nj-boutique-official/groups/3669864/jane-lace-dress-pink.media 
File URL: https://cdn.starapps.studio/v2/apps/vsk/nj-boutique-official/groups/1248215/jaina-diamond-knit-cardigan-white.media 
File URL: https://cdn.starapps.studio/v2/apps/vsk/nj-boutique-official/groups/1248201/mariah-dress-blue.media 
File URL: https://cdn.starapps.studio/v2/apps/vsk/no-bss-apps-hoangnv/groups/411114/5-panel-hat.media 
File URL: https://cdn.starapps.studio/v2/apps/vsk/noconformityco/groups/3875090/lifting-belt-voltage.media 
File URL: https://cdn.starapps.studio/v2/apps/vsk/noconformityco/groups/3875090/lifting-belt-off-grid.media 
File URL: https://cdn.starapps.studio/v2/apps/vsk/noconformityco/groups/3875090/noco-lifting-belt-icon.media 
File URL: https://cdn.starapps.studio/v2/apps/vsk/nook-at-you/groups/45505/custom-star-map-watercolour.media 
File URL: https://cdn.starapps.studio/v2/apps/vsk/nook-at-you/groups/45505/custom-star-map-moon.media 
File URL: https://cdn.starapps.studio/v2/apps/vsk/nook-at-you/groups/45505/custom-star-map-starry-night.media 
File URL: https://cdn.starapps.studio/v2/apps/vsk/nooksleep/groups/2540356/1-on-1-lactation-consultation-session.media 
File URL: https://cdn.starapps.studio/v2/apps/vsk/nooksleep/groups/2540356/1-on-1-feeding-consultation-session-1-hour.media 
File URL: https://cdn.starapps.studio/v2/apps/vsk/nooksleep/groups/2540358/1-on-1-sleep-consultation-session-1-hour.media 
File URL: https://cdn.starapps.studio/v2/apps/vsk/norientalism/groups/303214/citrus-breeze.media 
File URL: https://cdn.starapps.studio/v2/apps/vsk/norientalism/groups/303214/ocean-breeze.media 
File URL: https://cdn.starapps.studio/v2/apps/vsk/norientalism/groups/303214/3-pack-citrus-breeze-ocean-breeze-tropical-breeze.media 
File URL: https://cdn.starapps.studio/v2/apps/vsk/norsu-interiors/groups/92804/armadillo-co-braid-weave-chalk.media 
File URL: https://cdn.starapps.studio/v2/apps/vsk/norsu-interiors/groups/92804/armadillo-co-braid-weave-mushroom.media 
File URL: https://cdn.starapps.studio/v2/apps/vsk/norsu-interiors/groups/92811/armadillo-co-andorra-rug-pepper.media 
File URL: https://cdn.starapps.studio/v2/apps/vsk/northtrademark/groups/3471053/corvo-halskjede-3mm-gull.media 
File URL: https://cdn.starapps.studio/v2/apps/vsk/northtrademark/groups/955567/north-cuban-ring-18k-gull-hvitt-herre.media 
File URL: https://cdn.starapps.studio/v2/apps/vsk/northtrademark/groups/955567/north-cuban-18k-gull-ring.media 
File URL: https://cdn.starapps.studio/v2/apps/vsk/norwegianeyewear/groups/4029885/2973.media 
File URL: https://cdn.starapps.studio/v2/apps/vsk/norwegianeyewear/groups/4029886/2971.media 
File URL: https://cdn.starapps.studio/v2/apps/vsk/norwegianeyewear/groups/4029894/1183.media 
File URL: https://cdn.starapps.studio/v2/apps/vsk/notcoy/groups/383426/jigsaw-puzzle-lazy-daisy.media 
File URL: https://cdn.starapps.studio/v2/apps/vsk/notcoy/groups/383426/jigsaw-puzzle-water-baby.media 
File URL: https://cdn.starapps.studio/v2/apps/vsk/notcoy/groups/383426/jigsaw-puzzle-road-trippin.media 
File URL: https://cdn.starapps.studio/v2/apps/vsk/nottoceu/groups/1718360/handtucher-4-teilig-gelb-4-x-handtuch-50x90cm.media 
File URL: https://cdn.starapps.studio/v2/apps/vsk/nottoceu/groups/1718360/handtucher-4-teilig-grun-olivgrun-khaki-4-x-handtuch-50x90cm.media 
File URL: https://cdn.starapps.studio/v2/apps/vsk/nottoceu/groups/1718360/handtucher-4-teilig-hellgrau-silber-4-x-handtuch-50x90cm.media 
File URL: https://cdn.starapps.studio/v2/apps/vsk/nottocreact/groups/1068408/green-blast.media 
File URL: https://cdn.starapps.studio/v2/apps/vsk/nottocreact/groups/1068408/blue-berry.media 
File URL: https://cdn.starapps.studio/v2/apps/vsk/notyet-5602-3/groups/4131196/mama-love-kette-kopie.media 
File URL: https://cdn.starapps.studio/v2/apps/vsk/notyet-5602-3/groups/3702900/verlobungsring-brillant-in-krone-rosegold-585.media 
File URL: https://cdn.starapps.studio/v2/apps/vsk/notyet-5602-3/groups/3702900/verlobungsring-brillant-in-krone-gelbgold-750.media 
File URL: https://cdn.starapps.studio/v2/apps/vsk/nounless-jp/groups/3360534/tail-peplum-lady-tweed-top-1.media 
File URL: https://cdn.starapps.studio/v2/apps/vsk/nounless-jp/groups/3360534/tail-peplum-lady-tweed-top-2.media 
File URL: https://cdn.starapps.studio/v2/apps/vsk/nounless-jp/groups/3831333/mini-rugger-knit-shirts-1.media 
File URL: https://cdn.starapps.studio/v2/apps/vsk/nove-by-alessandra-gori/groups/22953/portafoglio-in-pelle-marisa-beige.media 
File URL: https://cdn.starapps.studio/v2/apps/vsk/nove-by-alessandra-gori/groups/1949/ballerina-in-pelle-scamosciata-verona-beige.media 
File URL: https://cdn.starapps.studio/v2/apps/vsk/nove-by-alessandra-gori/groups/1949/ballerina-in-pelle-scamosciata-verona-blu.media 
File URL: https://cdn.starapps.studio/v2/apps/vsk/n-teste/groups/158148/bermuda-chino-elastico-marrom.media 
File URL: https://cdn.starapps.studio/v2/apps/vsk/n-teste/groups/968119/camiseta-over-tee-verde.media 
File URL: https://cdn.starapps.studio/v2/apps/vsk/n-teste/groups/954786/regata-nadador-canelada-off-white-v23.media 
File URL: https://cdn.starapps.studio/v2/apps/vsk/nubra-apparels/groups/1115120/nads004-natural.media 
File URL: https://cdn.starapps.studio/v2/apps/vsk/nubra-apparels/groups/1094421/nass510white.media 
File URL: https://cdn.starapps.studio/v2/apps/vsk/nubra-apparels/groups/1094421/nass510charcoal.media 
File URL: https://cdn.starapps.studio/v2/apps/vsk/nuconcept1315/groups/1087115/fresh-leggings-9-blue.media 
File URL: https://cdn.starapps.studio/v2/apps/vsk/nuconcept1315/groups/1087115/fresh-leggings-9-pink.media 
File URL: https://cdn.starapps.studio/v2/apps/vsk/nuconcept1315/groups/1094156/fresh-sportbra-x-pink.media 
File URL: https://cdn.starapps.studio/v2/apps/vsk/nuffinz/groups/1775017/ghost-grey-towel-shorts-copy.media 
File URL: https://cdn.starapps.studio/v2/apps/vsk/nuffinz/groups/1775017/baroque-rose-towel-shorts-st.media 
File URL: https://cdn.starapps.studio/v2/apps/vsk/nuffinz/groups/1775017/mirage-blue-towel-shorts-st-2.media 
File URL: https://cdn.starapps.studio/v2/apps/vsk/numis-online-shop/groups/3925160/basisset-der-froschteich-letang-de-grenouille-digital-kopie.media 
File URL: https://cdn.starapps.studio/v2/apps/vsk/numis-online-shop/groups/4628418/gesamtpaket-der-froschteich-letang-de-grenouille-kopie.media 
File URL: https://cdn.starapps.studio/v2/apps/vsk/numis-online-shop/groups/4628418/basisset-der-froschteich-letang-de-grenouille-kopie-1.media 
File URL: https://cdn.starapps.studio/v2/apps/vsk/nuusol/groups/223879/nuusol-cascade-white-water-flip-flop.media 
File URL: https://cdn.starapps.studio/v2/apps/vsk/nuusol/groups/223879/nuusol-cascade-blue-springs-flip-flop.media 
File URL: https://cdn.starapps.studio/v2/apps/vsk/nuusol/groups/223879/cascade-flip-flop-sand-stone.media 
File URL: https://cdn.starapps.studio/v2/apps/vsk/nuuwai/groups/353622/jigsaw-puzzle-plant-yoga-by-piecely-1000-pieces.media 
File URL: https://cdn.starapps.studio/v2/apps/vsk/nuuwai/groups/353622/jigsaw-puzzle-fall-hikes-by-piecely-500-pieces.media 
File URL: https://cdn.starapps.studio/v2/apps/vsk/nuuwai/groups/286339/nuuwai-vegan-satchel-shai-millennial-pink-good.media 
File URL: https://cdn.starapps.studio/v2/apps/vsk/nuvees-sunwear/groups/51774/ensemble-nuvees-mariniere.media 
File URL: https://cdn.starapps.studio/v2/apps/vsk/nuvees-sunwear/groups/51774/ensemble-nuvees-ocean.media 
File URL: https://cdn.starapps.studio/v2/apps/vsk/nvlt/groups/3587765/berber-hooded-puffer-jacket-walnut.media 
File URL: https://cdn.starapps.studio/v2/apps/vsk/nvlt/groups/3587765/berber-hooded-puffer-jacket-ice-blue.media 
File URL: https://cdn.starapps.studio/v2/apps/vsk/nvlt/groups/3587765/berber-hooded-puffer-jacket-apple-green.media 
File URL: https://cdn.starapps.studio/v2/apps/vsk/n-y-bae-store/groups/129444/galasexy-nail-lacquer-smoky-cosmic-dust-09.media 
File URL: https://cdn.starapps.studio/v2/apps/vsk/n-y-bae-store/groups/129448/nail-lacquer-glitter-pink-moonlight-liberty-lady-moonlight-21-6-ml.media 
File URL: https://cdn.starapps.studio/v2/apps/vsk/n-y-bae-store/groups/129448/nail-lacquer-glitter-silver-moonlight-city-hall-moonlight-11-6-ml.media 
File URL: https://cdn.starapps.studio/v2/apps/vsk/nyud-swim/groups/305800/isla-top.media 
File URL: https://cdn.starapps.studio/v2/apps/vsk/nyud-swim/groups/3711839/capri-sarong-avorio.media 
File URL: https://cdn.starapps.studio/v2/apps/vsk/nyud-swim/groups/3759476/the-everyday-legging-nero.media 
File URL: https://cdn.starapps.studio/v2/apps/vsk/oak-outlet-co/groups/149053/sunset-dusk.media 
File URL: https://cdn.starapps.studio/v2/apps/vsk/oak-outlet-co/groups/149053/beatrix.media 
File URL: https://cdn.starapps.studio/v2/apps/vsk/oak-outlet-co/groups/149053/sunset-granite.media 
File URL: https://cdn.starapps.studio/v2/apps/vsk/ochs-trading-market/groups/136799/daw-style-eiffel-dining-armchair-clear-transparent-pc-seat-walnut-wood-legs-dc002ac17l02.media 
File URL: https://cdn.starapps.studio/v2/apps/vsk/ochs-trading-market/groups/136799/daw-style-eiffel-dining-armchair-transparent-natural-legs-dc002ac17l01.media 
File URL: https://cdn.starapps.studio/v2/apps/vsk/ochs-trading-market/groups/643063/daw-style-eiffel-dining-armchair-clear-transparent-pc-seat-walnut-wood-legs-dc002ac17l02.media 
File URL: https://cdn.starapps.studio/v2/apps/vsk/ocvlvs-clothing/groups/295347/green-camo-shorts.media 
File URL: https://cdn.starapps.studio/v2/apps/vsk/ocvlvs-clothing/groups/418764/forest-green-camo-hoodie.media 
File URL: https://cdn.starapps.studio/v2/apps/vsk/ocvlvs-clothing/groups/418764/black-camo-hoodie.media 
File URL: https://cdn.starapps.studio/v2/apps/vsk/ohbubbles-co-nz/groups/58432/limited-edition-gift-pack-black.media 
File URL: https://cdn.starapps.studio/v2/apps/vsk/ohketo/groups/92530/brownie-cookie-sampler.media 
File URL: https://cdn.starapps.studio/v2/apps/vsk/oh-sweet-skye/groups/61289/farm-fresh-apple-orchard.media 
File URL: https://cdn.starapps.studio/v2/apps/vsk/oh-sweet-skye/groups/61271/christ-is-the-reason-for-the-season-canvas-float.media 
File URL: https://cdn.starapps.studio/v2/apps/vsk/oh-sweet-skye/groups/61316/i-am-the-resurrection-and-the-life-he-that-believeth-in-me-though-he-were-dead-yet-shall-he-live-john-11-25.media 
File URL: https://cdn.starapps.studio/v2/apps/vsk/okwucl/groups/1093910/base-liquida-true-natural-glow.media 
File URL: https://cdn.starapps.studio/v2/apps/vsk/ola-azul-swimwear-int/groups/3703126/leo-tropez.media 
File URL: https://cdn.starapps.studio/v2/apps/vsk/ola-azul-swimwear-int/groups/3471055/panty-reversible-nora-aureliano.media 
File URL: https://cdn.starapps.studio/v2/apps/vsk/ola-azul-swimwear-int/groups/3473917/panty-izara-dinara.media 
File URL: https://cdn.starapps.studio/v2/apps/vsk/olens-global-store/groups/185476/bts-boy-with-luv-soul-hazel.media 
File URL: https://cdn.starapps.studio/v2/apps/vsk/olens-global-store/groups/185540/tika-3con-gray.media 
File URL: https://cdn.starapps.studio/v2/apps/vsk/olens-global-store/groups/185511/motive-gray.media 
File URL: https://cdn.starapps.studio/v2/apps/vsk/ombre-test-store/groups/24307/copy-of-eyelashes-hustler.media 
File URL: https://cdn.starapps.studio/v2/apps/vsk/ombre-test-store/groups/24307/eyelashes-sultry.media 
File URL: https://cdn.starapps.studio/v2/apps/vsk/ombre-test-store/groups/24307/eyelashes-sassy.media 
File URL: https://cdn.starapps.studio/v2/apps/vsk/omeni-7520/groups/3735537/bermuda-barcellona.media 
File URL: https://cdn.starapps.studio/v2/apps/vsk/omeni-7520/groups/3735537/bermuda-barcellona-cammello-unisex.media 
File URL: https://cdn.starapps.studio/v2/apps/vsk/omeni-7520/groups/3722603/bermuda-barcellona-white.media 
File URL: https://cdn.starapps.studio/v2/apps/vsk/omnesuk/groups/3383626/riviera-midi-dress-in-blue-print.media 
File URL: https://cdn.starapps.studio/v2/apps/vsk/omnesuk/groups/1056703/riviera-maxi-dress-in-green-zebra-with-lenzing™-ecovero™-viscose.media 
Failed to read URL https://cdn.starapps.studio/v2/apps/vsk/omnesuk/groups/1056703/riviera-maxi-dress-in-green-zebra-with-lenzing™-ecovero™-viscose.media URI must be ascii only "https://cdn.starapps.studio/v2/apps/vsk/omnesuk/groups/1056703/riviera-maxi-dress-in-green-zebra-with-lenzing\u2122-ecovero\u2122-viscose.media"
File URL: https://cdn.starapps.studio/v2/apps/vsk/omnesuk/groups/3740449/amelia-oversized-zebra-cardigan-in-lilac.media 
File URL: https://cdn.starapps.studio/v2/apps/vsk/omrabedding/groups/211641/topdekmatras-koudschuim-hr.media 
File URL: https://cdn.starapps.studio/v2/apps/vsk/onca-no-target/groups/4154726/t-shirt-nera-serigraphia-panthera.media 
File URL: https://cdn.starapps.studio/v2/apps/vsk/onca-no-target/groups/4154726/t-shirt-bianca-serigraphia-panthera-ouro.media 
File URL: https://cdn.starapps.studio/v2/apps/vsk/onca-no-target/groups/4154724/t-shirt-panthera-onca.media 
File URL: https://cdn.starapps.studio/v2/apps/vsk/oneattitude/groups/2755429/critical.media 
File URL: https://cdn.starapps.studio/v2/apps/vsk/oneattitude/groups/2755737/inner-beauty.media 
Failed to read URL https://cdn.starapps.studio/v2/apps/vsk/oneattitude/groups/2755737/inner-beauty.media 403 Forbidden
File URL: https://cdn.starapps.studio/v2/apps/vsk/oneattitude/groups/2755753/senses.media 
File URL: https://cdn.starapps.studio/v2/apps/vsk/one-click-b-eauty/groups/140472/red-on-the-go.media 
File URL: https://cdn.starapps.studio/v2/apps/vsk/one-click-b-eauty/groups/140472/shine-on.media 
File URL: https://cdn.starapps.studio/v2/apps/vsk/one-click-b-eauty/groups/140472/berry-on-the-go.media 
File URL: https://cdn.starapps.studio/v2/apps/vsk/onesck/groups/2478337/regular-candy-pink-socks.media 
File URL: https://cdn.starapps.studio/v2/apps/vsk/onesck/groups/2478337/regular-light-blue-socks.media 
File URL: https://cdn.starapps.studio/v2/apps/vsk/onesck/groups/2478337/regular-lilac-socks.media 
File URL: https://cdn.starapps.studio/v2/apps/vsk/onlinestore-sunglasses/groups/136768/bra-582.media 
File URL: https://cdn.starapps.studio/v2/apps/vsk/ontrail-store-eu/groups/973793/minimals-leaf-cotton-sock.media 
File URL: https://cdn.starapps.studio/v2/apps/vsk/ontrail-store-eu/groups/974015/slow-down-crop-hoodie-cakil-mavisi.media 
File URL: https://cdn.starapps.studio/v2/apps/vsk/ontrail-store-eu/groups/974015/slow-down-sort-kahve.media 
File URL: https://cdn.starapps.studio/v2/apps/vsk/ontrail-store/groups/4135052/sile-bezi-gomlek-antik-tas.media 
File URL: https://cdn.starapps.studio/v2/apps/vsk/ontrail-store/groups/129668/roadtrip-tshirt-amber.media 
File URL: https://cdn.starapps.studio/v2/apps/vsk/ontrail-store/groups/4180772/mini-pine-tshirt-bej.media 
File URL: https://cdn.starapps.studio/v2/apps/vsk/oopseeds/groups/3388997/rubio-fresa-clip-en-extensiones-de-cabello-humano-virgen-remy.media 
File URL: https://cdn.starapps.studio/v2/apps/vsk/oopseeds/groups/3388997/negro-natural-clip-en-extensiones-de-cabello-humano-virgen-remy.media 
File URL: https://cdn.starapps.studio/v2/apps/vsk/oopseeds/groups/3388997/rubio-ceniza-ombr-clip-en-extensiones-de-cabello-humano-virgen-remy.media 
File URL: https://cdn.starapps.studio/v2/apps/vsk/ooze/groups/33045/bectar-silicone-water-pipe-nectar-collector-ultra-purple.media 
File URL: https://cdn.starapps.studio/v2/apps/vsk/ooze/groups/1220887/ooz-1232-rblk-beacon-vaporizer.media 
File URL: https://cdn.starapps.studio/v2/apps/vsk/ooze/groups/33045/bectar-silicone-water-pipe-nectar-collector-rasta.media 
File URL: https://cdn.starapps.studio/v2/apps/vsk/optical-underground-instagram/groups/72362/caroline-abram-kim-901.media 
File URL: https://cdn.starapps.studio/v2/apps/vsk/optical-underground-instagram/groups/72362/caroline-abram-kim-900.media 
File URL: https://cdn.starapps.studio/v2/apps/vsk/optical-underground-instagram/groups/72311/kilsgaard-langham-black-nosepads.media 
File URL: https://cdn.starapps.studio/v2/apps/vsk/opuline-2/groups/3698189/lynn-green-onyx-studs.media 
File URL: https://cdn.starapps.studio/v2/apps/vsk/opuline-2/groups/3698174/sasha-studs.media 
File URL: https://cdn.starapps.studio/v2/apps/vsk/opuline-2/groups/3698174/sharnee-studs.media 
File URL: https://cdn.starapps.studio/v2/apps/vsk/orct-men/groups/948219/linen-pants-thin-stripe.media 
File URL: https://cdn.starapps.studio/v2/apps/vsk/orct-men/groups/30140/linen-shorts-blue-check.media 
File URL: https://cdn.starapps.studio/v2/apps/vsk/orct-men/groups/30140/linen-shorts-pale-blue-check.media 
File URL: https://cdn.starapps.studio/v2/apps/vsk/oriellaparis/groups/184063/fuchsia-matte-liquid-lipstick.media 
File URL: https://cdn.starapps.studio/v2/apps/vsk/oriellaparis/groups/184063/cosmos-matte-liquid-lipstick.media 
File URL: https://cdn.starapps.studio/v2/apps/vsk/oriellaparis/groups/184063/narcisse-matte-liquid-lipstick.media 
File URL: https://cdn.starapps.studio/v2/apps/vsk/orso-paris-v1/groups/1076066/coffret-etincelles-bougainvillier.media 
File URL: https://cdn.starapps.studio/v2/apps/vsk/orso-paris-v1/groups/993144/housse-de-matelas-a-langer-bougainvillier.media 
File URL: https://cdn.starapps.studio/v2/apps/vsk/orso-paris-v1/groups/3035095/coffret-le-repas-orso-paris-x-petit-pot-paris-plumbago.media 
File URL: https://cdn.starapps.studio/v2/apps/vsk/ospromotions/groups/3687435/triangular-paper-bunting-custom-printed-a4-express-delivery.media 
File URL: https://cdn.starapps.studio/v2/apps/vsk/ospromotions/groups/3687435/triangular-synthetic-bunting-printed-with-your-design.media 
File URL: https://cdn.starapps.studio/v2/apps/vsk/ospromotions/groups/3687435/triangular-paper-bunting-custom-printed-a4-quick-delivery-1.media 
File URL: https://cdn.starapps.studio/v2/apps/vsk/ouh-la-la/groups/3982303/chantelle-fleurs-half-cup-memory-bra-leo-print-c12m60-0wf.media 
File URL: https://cdn.starapps.studio/v2/apps/vsk/ouh-la-la/groups/4097612/anita-swimwear-style-amina-top-bikini-top-blue-moonm4-8308-1-311.media 
File URL: https://cdn.starapps.studio/v2/apps/vsk/ouh-la-la/groups/3983644/aubade-swimwear-savannah-mood-mini-coeur-brief-zebra-lv20-zeba.media 
File URL: https://cdn.starapps.studio/v2/apps/vsk/outdoorshower-com/groups/1018783/soho-shower-02-custom-finish.media 
File URL: https://cdn.starapps.studio/v2/apps/vsk/outdoorshower-com/groups/1018831/soho-wall-shower-raw-brushed.media 
File URL: https://cdn.starapps.studio/v2/apps/vsk/outdoorshower-com/groups/1018758/slimline-thermostat-brushed.media 
File URL: https://cdn.starapps.studio/v2/apps/vsk/outdoorshowers/groups/392497/apollo-outdoor-shower-brushed-316-stainless-steel.media 
File URL: https://cdn.starapps.studio/v2/apps/vsk/outdoorshowers/groups/392497/apollo-outdoor-shower-matte-black-316-stainless-steel.media 
File URL: https://cdn.starapps.studio/v2/apps/vsk/outdoorshowers/groups/401418/juno-wall-mount-outdoor-shower-brushed-316-stainless-steel.media 
File URL: https://cdn.starapps.studio/v2/apps/vsk/outhouse-by-hand/groups/327771/dining-table-x-frame-1.media 
File URL: https://cdn.starapps.studio/v2/apps/vsk/outhouse-by-hand/groups/329004/dining-table-square-frame-2.media 
File URL: https://cdn.starapps.studio/v2/apps/vsk/outhouse-by-hand/groups/1145584/shelving-raw.media 
File URL: https://cdn.starapps.studio/v2/apps/vsk/out-of-office-nyc/groups/55366/easy-rider.media 
File URL: https://cdn.starapps.studio/v2/apps/vsk/out-of-office-nyc/groups/55366/vital-green.media 
File URL: https://cdn.starapps.studio/v2/apps/vsk/oversized-liftingclub/groups/4217900/3-pack-confidence-socks-black-white-cream.media 
File URL: https://cdn.starapps.studio/v2/apps/vsk/overthinker-apparel/groups/3963163/need-edit-miffy-crochet-plush-keychains-1.media 
File URL: https://cdn.starapps.studio/v2/apps/vsk/overthinker-apparel/groups/3963163/need-edit-miffy-crochet-plush-keychains.media 
File URL: https://cdn.starapps.studio/v2/apps/vsk/p4-health/groups/138471/roselife_cs-thc-01.media 
File URL: https://cdn.starapps.studio/v2/apps/vsk/p4-health/groups/138471/roselife_cs-tec-01.media 
File URL: https://cdn.starapps.studio/v2/apps/vsk/p4-health/groups/138471/roselife_cs-tgd-01.media 
File URL: https://cdn.starapps.studio/v2/apps/vsk/pablo-fr/groups/316605/chaussure-chaussure_4983.media 
File URL: https://cdn.starapps.studio/v2/apps/vsk/pablo-fr/groups/150481/pantalon-combi-short-jonas_6582.media 
File URL: https://cdn.starapps.studio/v2/apps/vsk/pablo-fr/groups/150491/pantalon-combi-short-jude-3.media 
File URL: https://cdn.starapps.studio/v2/apps/vsk/paceheads-test/groups/4413536/cooler-hoodie-weiterleitung.media 
File URL: https://cdn.starapps.studio/v2/apps/vsk/paceheads-test/groups/4413536/cooler-hoodie.media 
File URL: https://cdn.starapps.studio/v2/apps/vsk/pacifictotecompany/groups/4513947/island-time-color-blocked-big-sur-beach-tote.media 
File URL: https://cdn.starapps.studio/v2/apps/vsk/pacifictotecompany/groups/4513947/big-sur-mixed-up-zippered-tote.media 
File URL: https://cdn.starapps.studio/v2/apps/vsk/pacifictotecompany/groups/4513947/big-sur-zippered-tote-bs190020z.media 
File URL: https://cdn.starapps.studio/v2/apps/vsk/pageal/groups/353287/nadia-azul.media 
File URL: https://cdn.starapps.studio/v2/apps/vsk/pageal/groups/353287/nadia-rosa.media 
File URL: https://cdn.starapps.studio/v2/apps/vsk/pageal/groups/353287/nadia-amarelo.media 
File URL: https://cdn.starapps.studio/v2/apps/vsk/pagefly-testing-site/groups/126632/harmony-terry-bralette-bikini-top-bluebird.media 
File URL: https://cdn.starapps.studio/v2/apps/vsk/pagefly-testing-site/groups/126632/harmony-terry-bralette-bikini-top-summer-melon.media 
File URL: https://cdn.starapps.studio/v2/apps/vsk/pain-de-sucre-com/groups/12445/lyna-biscuit.media 
ENDED  2024-10-01 15:36:49 +0530
